# JRE version: Java(TM) SE Runtime Environment (8.0_202-b08) (build 1.8.0_202-b08)
# Java VM: Java HotSpot(TM) 64-Bit Server VM (25.202-b08 mixed mode windows-amd64 compressed oops)
Heap:
 PSYoungGen      total 42496K, used 31132K [0x0000000716780000, 0x000000071f880000, 0x00000007c0000000)
  eden space 41984K, 73% used [0x0000000716780000,0x00000007185d7038,0x0000000719080000)
  from space 512K, 12% used [0x000000071f800000,0x000000071f810000,0x000000071f880000)
  to   space 512K, 0% used [0x000000071f780000,0x000000071f780000,0x000000071f800000)
 ParOldGen       total 348160K, used 1360K [0x00000005c3600000, 0x00000005d8a00000, 0x0000000716780000)
  object space 348160K, 0% used [0x00000005c3600000,0x00000005c37540a0,0x00000005d8a00000)
 Metaspace       used 2651K, capacity 4566K, committed 4864K, reserved 1056768K
  class space    used 289K, capacity 390K, committed 512K, reserved 1048576K
GC Heap History (10 events):
Event: 47.625 GC heap before
{Heap before GC invocations=166 (full 0):
 PSYoungGen      total 42496K, used 42080K [0x0000000716780000, 0x000000071f880000, 0x00000007c0000000)
  eden space 41984K, 100% used [0x0000000716780000,0x0000000719080000,0x0000000719080000)
  from space 512K, 18% used [0x000000071f780000,0x000000071f798000,0x000000071f800000)
  to   space 512K, 0% used [0x000000071f800000,0x000000071f800000,0x000000071f880000)
 ParOldGen       total 348160K, used 1352K [0x00000005c3600000, 0x00000005d8a00000, 0x0000000716780000)
  object space 348160K, 0% used [0x00000005c3600000,0x00000005c37520a0,0x00000005d8a00000)
 Metaspace       used 2651K, capacity 4566K, committed 4864K, reserved 1056768K
  class space    used 289K, capacity 390K, committed 512K, reserved 1048576K
Event: 47.626 GC heap after
Heap after GC invocations=166 (full 0):
 PSYoungGen      total 42496K, used 64K [0x0000000716780000, 0x000000071f880000, 0x00000007c0000000)
  eden space 41984K, 0% used [0x0000000716780000,0x0000000716780000,0x0000000719080000)
  from space 512K, 12% used [0x000000071f800000,0x000000071f810000,0x000000071f880000)
  to   space 512K, 0% used [0x000000071f780000,0x000000071f780000,0x000000071f800000)
 ParOldGen       total 348160K, used 1352K [0x00000005c3600000, 0x00000005d8a00000, 0x0000000716780000)
  object space 348160K, 0% used [0x00000005c3600000,0x00000005c37520a0,0x00000005d8a00000)
 Metaspace       used 2651K, capacity 4566K, committed 4864K, reserved 1056768K
  class space    used 289K, capacity 390K, committed 512K, reserved 1048576K
}
Event: 47.858 GC heap before
{Heap before GC invocations=167 (full 0):
 PSYoungGen      total 42496K, used 42048K [0x0000000716780000, 0x000000071f880000, 0x00000007c0000000)
  eden space 41984K, 100% used [0x0000000716780000,0x0000000719080000,0x0000000719080000)
  from space 512K, 12% used [0x000000071f800000,0x000000071f810000,0x000000071f880000)
  to   space 512K, 0% used [0x000000071f780000,0x000000071f780000,0x000000071f800000)
 ParOldGen       total 348160K, used 1352K [0x00000005c3600000, 0x00000005d8a00000, 0x0000000716780000)
  object space 348160K, 0% used [0x00000005c3600000,0x00000005c37520a0,0x00000005d8a00000)
 Metaspace       used 2651K, capacity 4566K, committed 4864K, reserved 1056768K
  class space    used 289K, capacity 390K, committed 512K, reserved 1048576K
Event: 47.859 GC heap after
Heap after GC invocations=167 (full 0):
 PSYoungGen      total 42496K, used 64K [0x0000000716780000, 0x000000071f880000, 0x00000007c0000000)
  eden space 41984K, 0% used [0x0000000716780000,0x0000000716780000,0x0000000719080000)
  from space 512K, 12% used [0x000000071f780000,0x000000071f790000,0x000000071f800000)
  to   space 512K, 0% used [0x000000071f800000,0x000000071f800000,0x000000071f880000)
 ParOldGen       total 348160K, used 1352K [0x00000005c3600000, 0x00000005d8a00000, 0x0000000716780000)
  object space 348160K, 0% used [0x00000005c3600000,0x00000005c37520a0,0x00000005d8a00000)
 Metaspace       used 2651K, capacity 4566K, committed 4864K, reserved 1056768K
  class space    used 289K, capacity 390K, committed 512K, reserved 1048576K
}
Event: 48.089 GC heap before
{Heap before GC invocations=168 (full 0):
 PSYoungGen      total 42496K, used 42048K [0x0000000716780000, 0x000000071f880000, 0x00000007c0000000)
  eden space 41984K, 100% used [0x0000000716780000,0x0000000719080000,0x0000000719080000)
  from space 512K, 12% used [0x000000071f780000,0x000000071f790000,0x000000071f800000)
  to   space 512K, 0% used [0x000000071f800000,0x000000071f800000,0x000000071f880000)
 ParOldGen       total 348160K, used 1352K [0x00000005c3600000, 0x00000005d8a00000, 0x0000000716780000)
  object space 348160K, 0% used [0x00000005c3600000,0x00000005c37520a0,0x00000005d8a00000)
 Metaspace       used 2651K, capacity 4566K, committed 4864K, reserved 1056768K
  class space    used 289K, capacity 390K, committed 512K, reserved 1048576K
Event: 48.090 GC heap after
Heap after GC invocations=168 (full 0):
 PSYoungGen      total 42496K, used 64K [0x0000000716780000, 0x000000071f880000, 0x00000007c0000000)
  eden space 41984K, 0% used [0x0000000716780000,0x0000000716780000,0x0000000719080000)
  from space 512K, 12% used [0x000000071f800000,0x000000071f810000,0x000000071f880000)
  to   space 512K, 0% used [0x000000071f780000,0x000000071f780000,0x000000071f800000)
 ParOldGen       total 348160K, used 1352K [0x00000005c3600000, 0x00000005d8a00000, 0x0000000716780000)
  object space 348160K, 0% used [0x00000005c3600000,0x00000005c37520a0,0x00000005d8a00000)
 Metaspace       used 2651K, capacity 4566K, committed 4864K, reserved 1056768K
  class space    used 289K, capacity 390K, committed 512K, reserved 1048576K
}
Event: 48.320 GC heap before
{Heap before GC invocations=169 (full 0):
 PSYoungGen      total 42496K, used 42048K [0x0000000716780000, 0x000000071f880000, 0x00000007c0000000)
  eden space 41984K, 100% used [0x0000000716780000,0x0000000719080000,0x0000000719080000)
  from space 512K, 12% used [0x000000071f800000,0x000000071f810000,0x000000071f880000)
  to   space 512K, 0% used [0x000000071f780000,0x000000071f780000,0x000000071f800000)
 ParOldGen       total 348160K, used 1352K [0x00000005c3600000, 0x00000005d8a00000, 0x0000000716780000)
  object space 348160K, 0% used [0x00000005c3600000,0x00000005c37520a0,0x00000005d8a00000)
 Metaspace       used 2651K, capacity 4566K, committed 4864K, reserved 1056768K
  class space    used 289K, capacity 390K, committed 512K, reserved 1048576K
Event: 48.321 GC heap after
Heap after GC invocations=169 (full 0):
 PSYoungGen      total 42496K, used 32K [0x0000000716780000, 0x000000071f880000, 0x00000007c0000000)
  eden space 41984K, 0% used [0x0000000716780000,0x0000000716780000,0x0000000719080000)
  from space 512K, 6% used [0x000000071f780000,0x000000071f788000,0x000000071f800000)
  to   space 512K, 0% used [0x000000071f800000,0x000000071f800000,0x000000071f880000)
 ParOldGen       total 348160K, used 1352K [0x00000005c3600000, 0x00000005d8a00000, 0x0000000716780000)
  object space 348160K, 0% used [0x00000005c3600000,0x00000005c37520a0,0x00000005d8a00000)
 Metaspace       used 2651K, capacity 4566K, committed 4864K, reserved 1056768K
  class space    used 289K, capacity 390K, committed 512K, reserved 1048576K
}
Event: 48.559 GC heap before
{Heap before GC invocations=170 (full 0):
 PSYoungGen      total 42496K, used 42015K [0x0000000716780000, 0x000000071f880000, 0x00000007c0000000)
  eden space 41984K, 99% used [0x0000000716780000,0x000000071907fff0,0x0000000719080000)
  from space 512K, 6% used [0x000000071f780000,0x000000071f788000,0x000000071f800000)
  to   space 512K, 0% used [0x000000071f800000,0x000000071f800000,0x000000071f880000)
 ParOldGen       total 348160K, used 1352K [0x00000005c3600000, 0x00000005d8a00000, 0x0000000716780000)
  object space 348160K, 0% used [0x00000005c3600000,0x00000005c37520a0,0x00000005d8a00000)
 Metaspace       used 2651K, capacity 4566K, committed 4864K, reserved 1056768K
  class space    used 289K, capacity 390K, committed 512K, reserved 1048576K
Event: 48.559 GC heap after
Heap after GC invocations=170 (full 0):
 PSYoungGen      total 42496K, used 64K [0x0000000716780000, 0x000000071f880000, 0x00000007c0000000)
  eden space 41984K, 0% used [0x0000000716780000,0x0000000716780000,0x0000000719080000)
  from space 512K, 12% used [0x000000071f800000,0x000000071f810000,0x000000071f880000)
  to   space 512K, 0% used [0x000000071f780000,0x000000071f780000,0x000000071f800000)
 ParOldGen       total 348160K, used 1360K [0x00000005c3600000, 0x00000005d8a00000, 0x0000000716780000)
  object space 348160K, 0% used [0x00000005c3600000,0x00000005c37540a0,0x00000005d8a00000)
 Metaspace       used 2651K, capacity 4566K, committed 4864K, reserved 1056768K
  class space    used 289K, capacity 390K, committed 512K, reserved 1048576K
}

